ets Jul 29 2019 12:21:46

rst:0x1 (POWERON_RESET),boot:0x13 (SPI_FAST_FLASH_BOOT)
configsip: 0, SPIWP:0xee
clk_drv:0x00,q_drv:0x00,d_drv:0x00,cs0_drv:0x00,hd_drv:0x00,wp_drv:0x00
mode:DIO, clock div:2
load:0x3fff0030,len:7192
load:0x40078000,len:15760
load:0x40080400,len:4
--- 0x40080400: _init at ??:?

ho 8 tail 4 room 4
load:0x40080404,len:3860
entry 0x4008063c
I (31) boot: ESP-IDF v5.4-dev-4076-gce6085349f 2nd stage bootloader
I (31) boot: compile time Nov  6 2024 23:49:17
I (33) boot: Multicore bootloader
I (37) boot: chip revision: v3.1
I (41) boot.esp32: SPI Speed      : 40MHz
I (45) boot.esp32: SPI Mode       : DIO
I (50) boot.esp32: SPI Flash Size : 2MB
I (54) boot: Enabling RNG early entropy source...
I (60) boot: Partition Table:
I (63) boot: ## Label            Usage          Type ST Offset   Length
I (71) boot:  0 nvs              WiFi data        01 02 00009000 00006000
I (78) boot:  1 phy_init         RF data          01 01 0000f000 00001000
I (86) boot:  2 factory          factory app      00 00 00010000 00100000
I (93) boot: End of partition table
I (97) esp_image: segment 0: paddr=00010020 vaddr=3f400020 size=2154ch (136524) map
I (153) esp_image: segment 1: paddr=00031574 vaddr=3ff80000 size=0001ch (    28) load
I (153) esp_image: segment 2: paddr=00031598 vaddr=3ffb0000 size=03f60h ( 16224) load
I (164) esp_image: segment 3: paddr=00035500 vaddr=40080000 size=0ab18h ( 43800) load
I (184) esp_image: segment 4: paddr=00040020 vaddr=400d0020 size=85bb4h (547764) map
I (371) esp_image: segment 5: paddr=000c5bdc vaddr=4008ab18 size=0cbf4h ( 52212) load
I (403) boot: Loaded app from partition at offset 0x10000
I (403) boot: Disabling RNG early entropy source...
I (415) cpu_start: Multicore app
I (424) cpu_start: Pro cpu start user code
I (424) cpu_start: cpu freq: 160000000 Hz
I (424) app_init: Application information:
I (427) app_init: Project name:     console-out
I (432) app_init: App version:      8a97cfaf-dirty
I (437) app_init: Compile time:     Nov  7 2024 18:18:27
I (443) app_init: ELF file SHA256:  76ab118bc...
I (449) app_init: ESP-IDF:          v5.4-dev-4076-gce6085349f
I (455) efuse_init: Min chip rev:     v0.0
I (460) efuse_init: Max chip rev:     v3.99 
I (465) efuse_init: Chip rev:         v3.1
I (470) heap_init: Initializing. RAM available for dynamic allocation:
I (477) heap_init: At 3FFAE6E0 len 00001920 (6 KiB): DRAM
I (483) heap_init: At 3FFB83E0 len 00027C20 (159 KiB): DRAM
I (489) heap_init: At 3FFE0440 len 00003AE0 (14 KiB): D/IRAM
I (496) heap_init: At 3FFE4350 len 0001BCB0 (111 KiB): D/IRAM
I (502) heap_init: At 4009770C len 000088F4 (34 KiB): IRAM
I (510) spi_flash: detected chip: generic
I (513) spi_flash: flash io: dio
W (517) spi_flash: Detected size(8192k) larger than the size in the binary image header(2048k). Using the size in the binary image header.
I (531) main_task: Started on CPU0
I (541) main_task: Calling app_main()
I (541) wifi station: initializing wifi service
I (541) WIFI_SERVICE: initializing nvs flash
I (561) WIFI_SERVICE: initializing tcp/ip network interface
I (571) WIFI_SERVICE: creating default event loop
I (571) WIFI_SERVICE: creating default wifi station interface
I (571) WIFI_SERVICE: initializing wifi configuration
I (591) wifi:wifi driver task: 3ffc0610, prio:23, stack:6656, core=0
I (601) wifi:wifi firmware version: 434429f30
I (601) wifi:wifi certification version: v7.0
I (601) wifi:config NVS flash: enabled
I (601) wifi:config nano formatting: disabled
I (601) wifi:Init data frame dynamic rx buffer num: 32
I (611) wifi:Init static rx mgmt buffer num: 5
I (611) wifi:Init management short buffer num: 32
I (621) wifi:Init dynamic tx buffer num: 32
I (621) wifi:Init static rx buffer size: 1600
I (631) wifi:Init static rx buffer num: 10
I (631) wifi:Init dynamic rx buffer num: 32
I (641) wifi_init: rx ba win: 6
I (641) wifi_init: accept mbox: 6
I (641) wifi_init: tcpip mbox: 32
I (651) wifi_init: udp mbox: 6
I (651) wifi_init: tcp mbox: 6
I (651) wifi_init: tcp tx win: 5760
I (661) wifi_init: tcp rx win: 5760
I (661) wifi_init: tcp mss: 1440
I (671) wifi_init: WiFi IRAM OP enabled
I (671) wifi_init: WiFi RX IRAM OP enabled
I (671) WIFI_SERVICE: setting wifi mode to station
I (681) WIFI_SERVICE: registering WIFI event handler
I (691) WIFI_SERVICE: registering IP event handler
I (691) wifi station: XXXXXXXXXXXXXXXXXXXXXXXX CONNECT -1
I (701) WIFI_SERVICE: setting wifi configuration
W (701) wifi:Password length matches WPA2 standards, authmode threshold changes from OPEN to WPA2
I (741) WIFI_SERVICE: stopping wifi station
I (741) WIFI_SERVICE: setting connection state to 1
I (741) WIFI_SERVICE: starting wifi station
I (741) phy_init: phy_version 4840,02e0d70,Sep  2 2024,19:39:07
I (821) wifi:mode : sta (1c:69:20:88:f3:b4)
I (821) wifi:enable tsf
I (831) WIFI_SERVICE: genericEventHandler called with event_base: WIFI_EVENT, event_id: 43
I (831) WIFI_SERVICE: wifiEventHandler called with event_id: 43
W (841) WIFI_SERVICE: Unhandled WiFi event: 43
I (841) WIFI_SERVICE: connecting to wifi network
I (841) WIFI_SERVICE: genericEventHandler called with event_base: WIFI_EVENT, event_id: 2
I (851) WIFI_SERVICE: wifiEventHandler called with event_id: 2
I (861) WIFI_SERVICE: WiFi station started
I (871) wifi station: XXXXXXXXXXXXXXXXXXXXXXXX connect success: true
I (871) wifi station: XXXXXXXXXXXXXXXXXXXXXXXX WAIT -1
I (891) wifi:new:<6,0>, old:<1,0>, ap:<255,255>, sta:<6,0>, prof:1, snd_ch_cfg:0x0
I (891) wifi:state: init -> auth (0xb0)
I (891) WIFI_SERVICE: genericEventHandler called with event_base: WIFI_EVENT, event_id: 43
I (1661) WIFI_SERVICE: wifiEventHandler called with event_id: 43
W (1661) WIFI_SERVICE: Unhandled WiFi event: 43
I (2231) wifi:state: auth -> assoc (0x0)
I (2261) wifi:state: assoc -> run (0x10)
I (2321) wifi:connected with denhac, aid = 2, channel 6, BW20, bssid = 68:d7:9a:87:8c:ed
I (2321) wifi:security: WPA3-SAE, phy: bgn, rssi: -78
I (2331) wifi:pm start, type: 1

I (2331) wifi:dp: 1, bi: 102400, li: 3, scale listen interval from 307200 us to 307200 us
I (2341) WIFI_SERVICE: genericEventHandler called with event_base: WIFI_EVENT, event_id: 4
I (2341) WIFI_SERVICE: wifiEventHandler called with event_id: 4
W (2351) WIFI_SERVICE: Unhandled WiFi event: 4
I (2421) wifi:<ba-add>idx:0 (ifx:0, 68:d7:9a:87:8c:ed), tid:6, ssn:2, winSize:64
I (2611) wifi:AP's beacon interval = 102400 us, DTIM period = 1
I (3471) esp_netif_handlers: sta ip: 10.11.15.76, mask: 255.255.240.0, gw: 10.11.0.1
I (3471) WIFI_SERVICE: genericEventHandler called with event_base: IP_EVENT, event_id: 0
I (3471) WIFI_SERVICE: ipEventHandler called with event_id: 0
I (3481) WIFI_SERVICE: IP address obtained: 10.11.15.76
I (3481) WIFI_SERVICE: setting connection state to 2
I (3491) wifi station: XXXXXXXXXXXXXXXXXXXXXXXXXXXXXXXXXXXXXXXXXXXXXXXXXXXXXXXXXXXXXXXXXXXXXXXXXXXXXXXXXXXXXXXXXXXXXXXX connected to an access point
I (4221) wifi station: XXXXXXXXXXXXXXXXXXXXXXXX connection_state: 2
I (4221) wifi station: XXXXXXXXXXXXXXXXXXXXXXXX DISCONNECT -1
I (4221) WIFI_SERVICE: setting connection state to 3
I (4221) WIFI_SERVICE: stopping wifi station
I (4231) wifi:state: run -> init (0x0)
I (4241) wifi:pm stop, total sleep time: 1131246 us / 1908621 us

I (4241) wifi:<ba-del>idx:0, tid:6
I (4241) wifi:new:<6,0>, old:<6,0>, ap:<255,255>, sta:<6,0>, prof:1, snd_ch_cfg:0x0
I (4251) WIFI_SERVICE: genericEventHandler called with event_base: WIFI_EVENT, event_id: 5
I (4261) WIFI_SERVICE: wifiEventHandler called with event_id: 5
I (4261) WIFI_SERVICE: WiFi station disconnected
I (4271) WIFI_SERVICE: setting connection state to 0
I (4271) wifi station: XXXXXXXXXXXXXXXXXXXXXXXXXXXXXXXXXXXXXXXXXXXXXXXXXXXXXXXXXXXXXXXXXXXXXXXXXXXXXXXXXXXXXXXXXXXXXXXX disconnected from an access point
I (4291) WIFI_SERVICE: genericEventHandler called with event_base: WIFI_EVENT, event_id: 3
I (4301) WIFI_SERVICE: wifiEventHandler called with event_id: 3
W (4301) WIFI_SERVICE: Unhandled WiFi event: 3
I (4311) wifi:flush txq
I (4311) wifi:stop sw txq
I (4311) wifi:lmac stop hw txq
I (4321) wifi station: XXXXXXXXXXXXXXXXXXXXXXXX CONNECT 0
I (4321) WIFI_SERVICE: setting wifi configuration
W (4331) wifi:Password length matches WPA2 standards, authmode threshold changes from OPEN to WPA2
I (4341) WIFI_SERVICE: stopping wifi station
I (4341) WIFI_SERVICE: setting connection state to 1
I (4351) WIFI_SERVICE: starting wifi station
I (4361) wifi:mode : sta (1c:69:20:88:f3:b4)
I (4361) wifi:enable tsf
I (4361) WIFI_SERVICE: genericEventHandler called with event_base: WIFI_EVENT, event_id: 43
I (4371) WIFI_SERVICE: wifiEventHandler called with event_id: 43
W (4371) WIFI_SERVICE: Unhandled WiFi event: 43
I (4381) WIFI_SERVICE: connecting to wifi network
I (4381) WIFI_SERVICE: genericEventHandler called with event_base: WIFI_EVENT, event_id: 2
I (4391) WIFI_SERVICE: wifiEventHandler called with event_id: 2
I (4401) WIFI_SERVICE: WiFi station started
I (4411) wifi station: XXXXXXXXXXXXXXXXXXXXXXXX connect success: true
I (4411) wifi station: XXXXXXXXXXXXXXXXXXXXXXXX WAIT 0
I (4421) wifi:new:<6,0>, old:<1,0>, ap:<255,255>, sta:<6,0>, prof:1, snd_ch_cfg:0x0
I (4431) wifi:state: init -> auth (0xb0)
I (4431) WIFI_SERVICE: genericEventHandler called with event_base: WIFI_EVENT, event_id: 43
I (5181) WIFI_SERVICE: wifiEventHandler called with event_id: 43
W (5181) WIFI_SERVICE: Unhandled WiFi event: 43
I (5781) wifi:state: auth -> assoc (0x0)
I (5791) wifi:state: assoc -> run (0x10)
I (5821) wifi:connected with denhac, aid = 4, channel 6, BW20, bssid = e0:63:da:2a:d0:ca
I (5821) wifi:security: WPA3-SAE, phy: bgn, rssi: -59
I (5821) wifi:pm start, type: 1

I (5821) WIFI_SERVICE: genericEventHandler called with event_base: WIFI_EVENT, event_id: 4
I (5831) WIFI_SERVICE: wifiEventHandler called with event_id: 4
W (5841) WIFI_SERVICE: Unhandled WiFi event: 4
I (5841) wifi:AP's beacon interval = 102400 us, DTIM period = 1
I (5871) wifi:<ba-add>idx:0 (ifx:0, e0:63:da:2a:d0:ca), tid:6, ssn:0, winSize:64
I (6901) esp_netif_handlers: sta ip: 10.11.15.76, mask: 255.255.240.0, gw: 10.11.0.1
I (6901) WIFI_SERVICE: genericEventHandler called with event_base: IP_EVENT, event_id: 0
I (6901) WIFI_SERVICE: ipEventHandler called with event_id: 0
I (6911) WIFI_SERVICE: IP address obtained: 10.11.15.76
I (6911) WIFI_SERVICE: setting connection state to 2
I (6921) wifi station: XXXXXXXXXXXXXXXXXXXXXXXXXXXXXXXXXXXXXXXXXXXXXXXXXXXXXXXXXXXXXXXXXXXXXXXXXXXXXXXXXXXXXXXXXXXXXXXX connected to an access point
I (7181) wifi station: XXXXXXXXXXXXXXXXXXXXXXXX connection_state: 2
I (7181) wifi station: XXXXXXXXXXXXXXXXXXXXXXXX DISCONNECT -1
I (7181) WIFI_SERVICE: setting connection state to 3
I (7181) WIFI_SERVICE: stopping wifi station
I (7191) wifi:state: run -> init (0x0)
I (7201) wifi:pm stop, total sleep time: 833044 us / 1375550 us

I (7201) wifi:<ba-del>idx:0, tid:6
I (7201) wifi:new:<6,0>, old:<6,0>, ap:<255,255>, sta:<6,0>, prof:1, snd_ch_cfg:0x0
I (7211) WIFI_SERVICE: genericEventHandler called with event_base: WIFI_EVENT, event_id: 5
I (7221) WIFI_SERVICE: wifiEventHandler called with event_id: 5
I (7221) WIFI_SERVICE: WiFi station disconnected
I (7231) WIFI_SERVICE: setting connection state to 0
I (7231) wifi station: XXXXXXXXXXXXXXXXXXXXXXXXXXXXXXXXXXXXXXXXXXXXXXXXXXXXXXXXXXXXXXXXXXXXXXXXXXXXXXXXXXXXXXXXXXXXXXXX disconnected from an access point
I (7251) WIFI_SERVICE: genericEventHandler called with event_base: WIFI_EVENT, event_id: 3
I (7261) WIFI_SERVICE: wifiEventHandler called with event_id: 3
W (7261) WIFI_SERVICE: Unhandled WiFi event: 3
I (7281) wifi:flush txq
I (7281) wifi:stop sw txq
I (7281) wifi:lmac stop hw txq
I (7281) wifi station: XXXXXXXXXXXXXXXXXXXXXXXX SCAN 1
I (7281) WIFI_SERVICE: starting wifi station
I (7291) wifi:mode : sta (1c:69:20:88:f3:b4)
I (7291) wifi:enable tsf
I (7291) WIFI_SERVICE: genericEventHandler called with event_base: WIFI_EVENT, event_id: 43
I (7301) WIFI_SERVICE: wifiEventHandler called with event_id: 43
W (7311) WIFI_SERVICE: Unhandled WiFi event: 43
I (7321) WIFI_SERVICE: scanning for wifi networks
I (7321) WIFI_SERVICE: genericEventHandler called with event_base: WIFI_EVENT, event_id: 2
I (7331) WIFI_SERVICE: wifiEventHandler called with event_id: 2
I (7341) WIFI_SERVICE: WiFi station started
I (9751) WIFI_SERVICE: genericEventHandler called with event_base: WIFI_EVENT, event_id: 1
I (9761) WIFI_SERVICE: wifiEventHandler called with event_id: 1
W (9761) WIFI_SERVICE: Unhandled WiFi event: 1
I (9841) WIFI_SERVICE: number of Access Points found = 36
W (9841) WIFI_SERVICE: found more access points than we can store, only storing 30
I (9841) wifi station: total number of access points found: 36, number of access points populated: 30
I (9851) wifi station: XXXXXXXXXXXXXXXXXXXXXXXX CONNECT 1
I (9851) WIFI_SERVICE: setting wifi configuration
W (9861) wifi:Password length matches WPA2 standards, authmode threshold changes from OPEN to WPA2
I (9901) WIFI_SERVICE: stopping wifi station
I (9901) WIFI_SERVICE: genericEventHandler called with event_base: WIFI_EVENT, event_id: 3
I (9901) WIFI_SERVICE: wifiEventHandler called with event_id: 3
W (9911) WIFI_SERVICE: Unhandled WiFi event: 3
I (9921) wifi:flush txq
I (9921) wifi:stop sw txq
I (9921) wifi:lmac stop hw txq
I (9921) WIFI_SERVICE: setting connection state to 1
I (9931) WIFI_SERVICE: starting wifi station
I (9941) wifi:mode : sta (1c:69:20:88:f3:b4)
I (9941) wifi:enable tsf
I (9941) WIFI_SERVICE: connecting to wifi network
I (9941) WIFI_SERVICE: genericEventHandler called with event_base: WIFI_EVENT, event_id: 2
I (9951) WIFI_SERVICE: wifiEventHandler called with event_id: 2
I (9961) WIFI_SERVICE: WiFi station started
I (9971) wifi station: XXXXXXXXXXXXXXXXXXXXXXXX connect success: true
I (9971) wifi station: XXXXXXXXXXXXXXXXXXXXXXXX WAIT 1
I (12381) WIFI_SERVICE: genericEventHandler called with event_base: WIFI_EVENT, event_id: 5
I (12381) WIFI_SERVICE: wifiEventHandler called with event_id: 5
I (12381) WIFI_SERVICE: WiFi station disconnected
I (12391) WIFI_SERVICE: setting connection state to 0
I (12401) wifi station: XXXXXXXXXXXXXXXXXXXXXXXXXXXXXXXXXXXXXXXXXXXXXXXXXXXXXXXXXXXXXXXXXXXXXXXXXXXXXXXXXXXXXXXXXXXXXXXX disconnected from an access point
I (12981) wifi station: XXXXXXXXXXXXXXXXXXXXXXXX connection_state: 0
I (12981) wifi station: XXXXXXXXXXXXXXXXXXXXXXXX DISCONNECT -1
W (12981) WIFI_SERVICE: cannot disconnect from an access point while not connected
I (12991) wifi station: XXXXXXXXXXXXXXXXXXXXXXXX SCAN 2
I (12991) WIFI_SERVICE: starting wifi station
I (13001) WIFI_SERVICE: scanning for wifi networks
I (15421) WIFI_SERVICE: genericEventHandler called with event_base: WIFI_EVENT, event_id: 1
I (15421) WIFI_SERVICE: wifiEventHandler called with event_id: 1
W (15421) WIFI_SERVICE: Unhandled WiFi event: 1
I (15501) WIFI_SERVICE: number of Access Points found = 34
W (15501) WIFI_SERVICE: found more access points than we can store, only storing 30
I (15501) wifi station: total number of access points found: 34, number of access points populated: 30
I (15511) wifi station: XXXXXXXXXXXXXXXXXXXXXXXX CONNECT 2
I (15511) WIFI_SERVICE: setting wifi configuration
W (15521) wifi:Password length matches WPA2 standards, authmode threshold changes from OPEN to WPA2
I (15531) WIFI_SERVICE: stopping wifi station
I (15541) WIFI_SERVICE: genericEventHandler called with event_base: WIFI_EVENT, event_id: 3
I (15541) WIFI_SERVICE: wifiEventHandler called with event_id: 3
W (15551) WIFI_SERVICE: Unhandled WiFi event: 3
I (15561) wifi:flush txq
I (15561) wifi:stop sw txq
I (15561) wifi:lmac stop hw txq
I (15561) WIFI_SERVICE: setting connection state to 1
I (15571) WIFI_SERVICE: starting wifi station
I (15581) wifi:mode : sta (1c:69:20:88:f3:b4)
I (15581) wifi:enable tsf
I (15581) WIFI_SERVICE: connecting to wifi network
I (15581) WIFI_SERVICE: genericEventHandler called with event_base: WIFI_EVENT, event_id: 2
I (15591) WIFI_SERVICE: wifiEventHandler called with event_id: 2
I (15601) WIFI_SERVICE: WiFi station started
I (15611) wifi station: XXXXXXXXXXXXXXXXXXXXXXXX connect success: true
I (15611) wifi station: done