montana:wifi-connect$ imon
Checking "python3" ...
Python 3.12.3
"python3" has been detected
Activating ESP-IDF 5.5
* Checking python version ... 3.12.3
* Checking python dependencies ... OK
* Deactivating the current ESP-IDF environment (if any) ... OK
* Establishing a new ESP-IDF environment ... OK
* Identifying shell ... bash
* Detecting outdated tools in system ... Found tools that are not used by active ESP-IDF version.
For removing old versions of openocd-esp32, cmake, riscv32-esp-elf, ninja, esp-rom-elfs use command 'python /home/montana/esp/esp-idf/tools/idf_tools.py uninstall'
To free up even more space, remove installation packages of those tools.
Use option python /home/montana/esp/esp-idf/tools/idf_tools.py uninstall --remove-archives.
* Shell completion ... Autocompletion code generated

Done! You can now compile ESP-IDF projects.
Go to the project directory and run:

  idf.py build
Executing action: monitor
Serial port /dev/ttyUSB0
Connecting.....
Detecting chip type... Unsupported detection protocol, switching and trying again...
Connecting....
Detecting chip type... ESP32
Running idf_monitor in directory /home/montana/repositories/esp32-projects/cpp/wifi-connect
Executing "/home/montana/.espressif/python_env/idf5.5_py3.12_env/bin/python /home/montana/esp/esp-idf/tools/idf_monitor.py -p /dev/ttyUSB0 -b 115200 --toolchain-prefix xtensa-esp32-elf- --target esp32 --revision 0 /home/montana/repositories/esp32-projects/cpp/wifi-connect/build/console-out.elf -m '/home/montana/.espressif/python_env/idf5.5_py3.12_env/bin/python' '/home/montana/esp/esp-idf/tools/idf.py'"...
--- esp-idf-monitor 1.5.0 on /dev/ttyUSB0 115200
--- Quit: Ctrl+] | Menu: Ctrl+T | Help: Ctrl+T followed by Ctrl+H
ets Jul 29 2019 12:21:46

rst:0x1 (POWERON_RESET),boot:0x13 (SPI_FAST_FLASH_BOOT)
configsip: 0, SPIWP:0xee
clk_drv:0x00,q_drv:0x00,d_drv:0x00,cs0_drv:0x00,hd_drv:0x00,wp_drv:0x00
mode:DIO, clock div:2
load:0x3fff0030,len:7192
load:0x40078000,len:15760
load:0x40080400,len:4
--- 0x40080400: _init at ??:?

ho 8 tail 4 room 4
load:0x40080404,len:3860
entry 0x4008063c
I (31) boot: ESP-IDF v5.4-dev-4076-gce6085349f 2nd stage bootloader
I (31) boot: compile time Nov  6 2024 23:49:17
I (33) boot: Multicore bootloader
I (37) boot: chip revision: v3.1
I (41) boot.esp32: SPI Speed      : 40MHz
I (45) boot.esp32: SPI Mode       : DIO
I (50) boot.esp32: SPI Flash Size : 2MB
I (54) boot: Enabling RNG early entropy source...
I (60) boot: Partition Table:
I (63) boot: ## Label            Usage          Type ST Offset   Length
I (71) boot:  0 nvs              WiFi data        01 02 00009000 00006000
I (78) boot:  1 phy_init         RF data          01 01 0000f000 00001000
I (86) boot:  2 factory          factory app      00 00 00010000 00100000
I (93) boot: End of partition table
I (97) esp_image: segment 0: paddr=00010020 vaddr=3f400020 size=21338h (135992) map
I (152) esp_image: segment 1: paddr=00031360 vaddr=3ff80000 size=0001ch (    28) load
I (153) esp_image: segment 2: paddr=00031384 vaddr=3ffb0000 size=03f60h ( 16224) load
I (164) esp_image: segment 3: paddr=000352ec vaddr=40080000 size=0ad2ch ( 44332) load
I (184) esp_image: segment 4: paddr=00040020 vaddr=400d0020 size=85dech (548332) map
I (371) esp_image: segment 5: paddr=000c5e14 vaddr=4008ad2c size=0c9e0h ( 51680) load
I (403) boot: Loaded app from partition at offset 0x10000
I (403) boot: Disabling RNG early entropy source...
I (415) cpu_start: Multicore app
I (424) cpu_start: Pro cpu start user code
I (424) cpu_start: cpu freq: 160000000 Hz
I (424) app_init: Application information:
I (427) app_init: Project name:     console-out
I (432) app_init: App version:      bba8d207-dirty
I (437) app_init: Compile time:     Nov  7 2024 15:43:31
I (443) app_init: ELF file SHA256:  377de9cc8...
I (449) app_init: ESP-IDF:          v5.4-dev-4076-gce6085349f
I (455) efuse_init: Min chip rev:     v0.0
I (460) efuse_init: Max chip rev:     v3.99 
I (465) efuse_init: Chip rev:         v3.1
I (470) heap_init: Initializing. RAM available for dynamic allocation:
I (477) heap_init: At 3FFAE6E0 len 00001920 (6 KiB): DRAM
I (483) heap_init: At 3FFB83C0 len 00027C40 (159 KiB): DRAM
I (489) heap_init: At 3FFE0440 len 00003AE0 (14 KiB): D/IRAM
I (496) heap_init: At 3FFE4350 len 0001BCB0 (111 KiB): D/IRAM
I (502) heap_init: At 4009770C len 000088F4 (34 KiB): IRAM
I (510) spi_flash: detected chip: generic
I (513) spi_flash: flash io: dio
W (517) spi_flash: Detected size(8192k) larger than the size in the binary image header(2048k). Using the size in the binary image header.
I (531) main_task: Started on CPU0
I (541) main_task: Calling app_main()
I (541) wifi station: initializing wifi service
I (541) WIFI_SERVICE: initializing nvs flash
I (561) WIFI_SERVICE: initializing tcp/ip network interface
I (571) WIFI_SERVICE: creating default event loop
I (571) WIFI_SERVICE: creating default wifi station interface
I (571) WIFI_SERVICE: initializing wifi configuration
I (591) wifi:wifi driver task: 3ffc05f0, prio:23, stack:6656, core=0
I (601) wifi:wifi firmware version: 434429f30
I (601) wifi:wifi certification version: v7.0
I (601) wifi:config NVS flash: enabled
I (601) wifi:config nano formatting: disabled
I (601) wifi:Init data frame dynamic rx buffer num: 32
I (611) wifi:Init static rx mgmt buffer num: 5
I (611) wifi:Init management short buffer num: 32
I (621) wifi:Init dynamic tx buffer num: 32
I (621) wifi:Init static rx buffer size: 1600
I (631) wifi:Init static rx buffer num: 10
I (631) wifi:Init dynamic rx buffer num: 32
I (631) wifi_init: rx ba win: 6
I (641) wifi_init: accept mbox: 6
I (641) wifi_init: tcpip mbox: 32
I (651) wifi_init: udp mbox: 6
I (651) wifi_init: tcp mbox: 6
I (651) wifi_init: tcp tx win: 5760
I (661) wifi_init: tcp rx win: 5760
I (661) wifi_init: tcp mss: 1440
I (671) wifi_init: WiFi IRAM OP enabled
I (671) wifi_init: WiFi RX IRAM OP enabled
I (671) WIFI_SERVICE: setting wifi mode to station
I (681) WIFI_SERVICE: registering WIFI event handler
I (691) WIFI_SERVICE: registering IP event handler
I (691) wifi station: XXXXXXXXXXXXXXXXXXXXXXXX CONNECT -1
I (701) WIFI_SERVICE: setting wifi configuration
W (701) wifi:Password length matches WPA2 standards, authmode threshold changes from OPEN to WPA2
I (741) WIFI_SERVICE: stopping wifi station
I (741) WIFI_SERVICE: starting wifi station
I (741) phy_init: phy_version 4840,02e0d70,Sep  2 2024,19:39:07
I (821) wifi:mode : sta (1c:69:20:88:f3:b4)
I (821) wifi:enable tsf
I (821) WIFI_SERVICE: genericEventHandler called with event_base: WIFI_EVENT, event_id: 43
I (821) WIFI_SERVICE: wifiEventHandler called with event_id: 43
W (831) WIFI_SERVICE: Unhandled WiFi event: 43
I (841) WIFI_SERVICE: connecting to wifi network
I (841) WIFI_SERVICE: genericEventHandler called with event_base: WIFI_EVENT, event_id: 2
I (851) WIFI_SERVICE: wifiEventHandler called with event_id: 2
I (851) WIFI_SERVICE: WiFi station started
I (861) wifi station: XXXXXXXXXXXXXXXXXXXXXXXX connect success: true
I (871) wifi station: XXXXXXXXXXXXXXXXXXXXXXXX WAIT -1
I (871) wifi:new:<6,0>, old:<1,0>, ap:<255,255>, sta:<6,0>, prof:1, snd_ch_cfg:0x0
I (881) wifi:state: init -> auth (0xb0)
I (881) WIFI_SERVICE: genericEventHandler called with event_base: WIFI_EVENT, event_id: 43
I (1611) WIFI_SERVICE: wifiEventHandler called with event_id: 43
W (1611) WIFI_SERVICE: Unhandled WiFi event: 43
I (1611) wifi:state: auth -> init (0x600)
I (1641) wifi:new:<6,0>, old:<6,0>, ap:<255,255>, sta:<6,0>, prof:1, snd_ch_cfg:0x0
I (1641) WIFI_SERVICE: genericEventHandler called with event_base: WIFI_EVENT, event_id: 5
I (1641) WIFI_SERVICE: wifiEventHandler called with event_id: 5
I (1651) WIFI_SERVICE: WiFi station disconnected
I (2621) wifi station: XXXXXXXXXXXXXXXXXXXXXXXX connection_state: 0
I (2621) wifi station: XXXXXXXXXXXXXXXXXXXXXXXX DISCONNECT -1
I (2621) WIFI_SERVICE: stopping wifi station
I (2631) WIFI_SERVICE: genericEventHandler called with event_base: WIFI_EVENT, event_id: 3
I (2631) WIFI_SERVICE: wifiEventHandler called with event_id: 3
W (2641) WIFI_SERVICE: Unhandled WiFi event: 3
I (2641) wifi:flush txq
I (2651) wifi:stop sw txq
I (2651) wifi:lmac stop hw txq
I (2651) wifi station: XXXXXXXXXXXXXXXXXXXXXXXX CONNECT 0
I (2661) WIFI_SERVICE: setting wifi configuration
W (2661) wifi:Password length matches WPA2 standards, authmode threshold changes from OPEN to WPA2
I (2691) WIFI_SERVICE: stopping wifi station
I (2691) WIFI_SERVICE: starting wifi station
I (2701) wifi:mode : sta (1c:69:20:88:f3:b4)
I (2701) wifi:enable tsf
I (2701) WIFI_SERVICE: genericEventHandler called with event_base: WIFI_EVENT, event_id: 43
I (2711) WIFI_SERVICE: wifiEventHandler called with event_id: 43
W (2711) WIFI_SERVICE: Unhandled WiFi event: 43
I (2721) WIFI_SERVICE: connecting to wifi network
I (2721) WIFI_SERVICE: genericEventHandler called with event_base: WIFI_EVENT, event_id: 2
I (2731) WIFI_SERVICE: wifiEventHandler called with event_id: 2
I (2741) WIFI_SERVICE: WiFi station started
I (2751) wifi station: XXXXXXXXXXXXXXXXXXXXXXXX connect success: true
I (2751) wifi station: XXXXXXXXXXXXXXXXXXXXXXXX WAIT 0
I (2761) wifi:new:<6,0>, old:<1,0>, ap:<255,255>, sta:<6,0>, prof:1, snd_ch_cfg:0x0
I (2771) wifi:state: init -> auth (0xb0)
I (2771) WIFI_SERVICE: genericEventHandler called with event_base: WIFI_EVENT, event_id: 43
I (3501) WIFI_SERVICE: wifiEventHandler called with event_id: 43
W (3501) WIFI_SERVICE: Unhandled WiFi event: 43
I (4001) wifi:state: auth -> assoc (0x0)
I (4011) wifi:state: assoc -> run (0x10)
I (4131) wifi:connected with denhac, aid = 1, channel 6, BW20, bssid = 68:d7:9a:87:8c:ed
I (4141) wifi:security: WPA3-SAE, phy: bgn, rssi: -77
I (4161) wifi:pm start, type: 1

I (4161) wifi:dp: 1, bi: 102400, li: 3, scale listen interval from 307200 us to 307200 us
I (4161) WIFI_SERVICE: genericEventHandler called with event_base: WIFI_EVENT, event_id: 4
I (4161) WIFI_SERVICE: wifiEventHandler called with event_id: 4
W (4171) WIFI_SERVICE: Unhandled WiFi event: 4
I (4181) wifi:AP's beacon interval = 102400 us, DTIM period = 1
I (4201) wifi:<ba-add>idx:0 (ifx:0, 68:d7:9a:87:8c:ed), tid:6, ssn:2, winSize:64
I (5251) esp_netif_handlers: sta ip: 10.11.15.76, mask: 255.255.240.0, gw: 10.11.0.1
I (5251) WIFI_SERVICE: genericEventHandler called with event_base: IP_EVENT, event_id: 0
I (5251) WIFI_SERVICE: ipEventHandler called with event_id: 0
I (5261) WIFI_SERVICE: IP address obtained: 10.11.15.76
I (5501) wifi station: XXXXXXXXXXXXXXXXXXXXXXXX connection_state: 2
I (5501) wifi station: XXXXXXXXXXXXXXXXXXXXXXXX DISCONNECT -1
I (5501) WIFI_SERVICE: stopping wifi station
I (5501) wifi:state: run -> init (0x0)
I (5521) wifi:pm stop, total sleep time: 749549 us / 1361824 us

I (5521) wifi:<ba-del>idx:0, tid:6
I (5521) wifi:new:<6,0>, old:<6,0>, ap:<255,255>, sta:<6,0>, prof:1, snd_ch_cfg:0x0
I (5531) WIFI_SERVICE: genericEventHandler called with event_base: WIFI_EVENT, event_id: 5
I (5531) WIFI_SERVICE: wifiEventHandler called with event_id: 5
I (5541) WIFI_SERVICE: WiFi station disconnected
I (5551) WIFI_SERVICE: genericEventHandler called with event_base: WIFI_EVENT, event_id: 3
I (5551) WIFI_SERVICE: wifiEventHandler called with event_id: 3
W (5561) WIFI_SERVICE: Unhandled WiFi event: 3
I (5591) wifi:flush txq
I (5591) wifi:stop sw txq
I (5591) wifi:lmac stop hw txq
I (5591) wifi station: XXXXXXXXXXXXXXXXXXXXXXXX SCAN 1
I (5591) WIFI_SERVICE: starting wifi station
I (5601) wifi:mode : sta (1c:69:20:88:f3:b4)
I (5601) wifi:enable tsf
I (5601) WIFI_SERVICE: genericEventHandler called with event_base: WIFI_EVENT, event_id: 43
I (5611) WIFI_SERVICE: wifiEventHandler called with event_id: 43
W (5611) WIFI_SERVICE: Unhandled WiFi event: 43
I (5621) WIFI_SERVICE: scanning for wifi networks
I (5621) WIFI_SERVICE: genericEventHandler called with event_base: WIFI_EVENT, event_id: 2
I (5631) WIFI_SERVICE: wifiEventHandler called with event_id: 2
I (5641) WIFI_SERVICE: WiFi station started
I (8061) WIFI_SERVICE: genericEventHandler called with event_base: WIFI_EVENT, event_id: 1
I (8061) WIFI_SERVICE: wifiEventHandler called with event_id: 1
W (8061) WIFI_SERVICE: Unhandled WiFi event: 1
I (8151) WIFI_SERVICE: number of Access Points found = 24
I (8151) wifi station: total number of access points found: 24, number of access points populated: 24
I (8151) wifi station: XXXXXXXXXXXXXXXXXXXXXXXX CONNECT 1
I (8161) WIFI_SERVICE: setting wifi configuration
W (8161) wifi:Password length matches WPA2 standards, authmode threshold changes from OPEN to WPA2
I (8201) WIFI_SERVICE: stopping wifi station
I (8201) WIFI_SERVICE: genericEventHandler called with event_base: WIFI_EVENT, event_id: 3
I (8201) WIFI_SERVICE: wifiEventHandler called with event_id: 3
W (8211) WIFI_SERVICE: Unhandled WiFi event: 3
I (8221) wifi:flush txq
I (8221) wifi:stop sw txq
I (8221) wifi:lmac stop hw txq
I (8221) WIFI_SERVICE: starting wifi station
I (8231) wifi:mode : sta (1c:69:20:88:f3:b4)
I (8231) wifi:enable tsf
I (8241) WIFI_SERVICE: genericEventHandler called with event_base: WIFI_EVENT, event_id: 2
I (8241) WIFI_SERVICE: wifiEventHandler called with event_id: 2
I (8251) WIFI_SERVICE: WiFi station started
I (8241) WIFI_SERVICE: connecting to wifi network
I (8261) wifi station: XXXXXXXXXXXXXXXXXXXXXXXX connect success: true
I (8271) wifi station: XXXXXXXXXXXXXXXXXXXXXXXX WAIT 1
I (10681) WIFI_SERVICE: genericEventHandler called with event_base: WIFI_EVENT, event_id: 5
I (10681) WIFI_SERVICE: wifiEventHandler called with event_id: 5
I (10681) WIFI_SERVICE: WiFi station disconnected